{
  "stats": {
    "suites": 4,
    "tests": 10,
    "passes": 10,
    "pending": 0,
    "failures": 0,
    "start": "2019-01-18T20:36:20.881Z",
    "end": "2019-01-18T20:36:21.159Z",
    "duration": 278,
    "testsRegistered": 10,
    "passPercent": 100,
    "pendingPercent": 0,
    "other": 0,
    "hasOther": false,
    "skipped": 0,
    "hasSkipped": false,
    "passPercentClass": "success",
    "pendingPercentClass": "danger"
  },
  "suites": {
    "uuid": "36411b1a-4364-4729-81f8-18a98ffd298a",
    "title": "",
    "fullFile": "",
    "file": "",
    "beforeHooks": [],
    "afterHooks": [],
    "tests": [],
    "suites": [
      {
        "uuid": "0aa686b5-18d2-4253-b684-80552f82107d",
        "title": "Git Checks",
        "fullFile": "/Users/joannathecoder/00-class-profile/test/test.js",
        "file": "/test/test.js",
        "beforeHooks": [
          {
            "title": "\"before all\" hook",
            "fullTitle": "Git Checks \"before all\" hook",
            "timedOut": false,
            "duration": 243,
            "pass": false,
            "fail": false,
            "pending": false,
            "code": "this.timeout(0);\ngitCommits(repoPath) \n  .on('data', function (commit) {\n    if (!matchesProfEmail(commit.author.email, ignoreCommitEmails))\n    {\n      studentCommits++;\n    }\n  })\n  .on('end', function () {\n  })\n;\ngitCheck  = gitState.checkSync('./', function(r,e) {\n  //return [r, e];\n});\ndone();",
            "err": {},
            "isRoot": false,
            "uuid": "9b02d205-3ff3-460d-87db-83e137cbfa72",
            "isHook": true,
            "skipped": false
          }
        ],
        "afterHooks": [],
        "tests": [
          {
            "title": "You should have made at least 2 git commits ",
            "fullTitle": "Git Checks You should have made at least 2 git commits ",
            "timedOut": false,
            "duration": 1,
            "state": "passed",
            "speed": "fast",
            "pass": true,
            "fail": false,
            "pending": false,
            "code": "expect(studentCommits).to.be.at.least(minCommits);",
            "err": {},
            "isRoot": false,
            "uuid": "d63072f0-42ff-445f-be16-5d4c40d70673",
            "isHook": false,
            "skipped": false
          },
          {
            "title": "Git should be configured with username and email information",
            "fullTitle": "Git Checks Git should be configured with username and email information",
            "timedOut": false,
            "duration": 0,
            "state": "passed",
            "speed": "fast",
            "pass": true,
            "fail": false,
            "pending": false,
            "code": "expect(name, 'your Git user name has not been set').not.to.be.undefined;\nexpect(email, 'your Git email has not been set').not.to.be.undefined;\nexpect(githubid, 'your Github user name has not been set').not.to.be.undefined;",
            "err": {},
            "isRoot": false,
            "uuid": "772f05d3-16b3-4a0a-a960-a023b112ac82",
            "isHook": false,
            "skipped": false
          },
          {
            "title": "All changes in checked-in files should be committed to Git (OK for this to fail while you are still working)",
            "fullTitle": "Git Checks All changes in checked-in files should be committed to Git (OK for this to fail while you are still working)",
            "timedOut": false,
            "duration": 0,
            "state": "passed",
            "speed": "fast",
            "pass": true,
            "fail": false,
            "pending": false,
            "code": "expect(gitCheck.dirty, 'looks like you have changed some files and not committed the changes yet').to.equal(0);",
            "err": {},
            "isRoot": false,
            "uuid": "b6dfcefa-cef9-402d-91bd-8075309ee246",
            "isHook": false,
            "skipped": false
          },
          {
            "title": "All files in current directory should be committed to Git (OK for this to fail while you are still working)",
            "fullTitle": "Git Checks All files in current directory should be committed to Git (OK for this to fail while you are still working)",
            "timedOut": false,
            "duration": 1,
            "state": "passed",
            "speed": "fast",
            "pass": true,
            "fail": false,
            "pending": false,
            "code": "expect(gitCheck.untracked, 'looks like you have some files in the directory which have not been added to the repository. \\n      Make sure your answers do not rely on them, or tests will fail on the server.').to.equal(0);",
            "err": {},
            "isRoot": false,
            "uuid": "56c6b9cf-0458-4108-8d32-63caba585290",
            "isHook": false,
            "skipped": false
          }
        ],
        "suites": [],
        "passes": [
          "d63072f0-42ff-445f-be16-5d4c40d70673",
          "772f05d3-16b3-4a0a-a960-a023b112ac82",
          "b6dfcefa-cef9-402d-91bd-8075309ee246",
          "56c6b9cf-0458-4108-8d32-63caba585290"
        ],
        "failures": [],
        "pending": [],
        "skipped": [],
        "duration": 2,
        "root": false,
        "rootEmpty": false,
        "_timeout": 0
      },
      {
        "uuid": "fe408564-9af2-444a-8073-1354e39bec55",
        "title": "JSON Checks",
        "fullFile": "/Users/joannathecoder/00-class-profile/test/test.js",
        "file": "/test/test.js",
        "beforeHooks": [
          {
            "title": "\"before all\" hook",
            "fullTitle": "JSON Checks \"before all\" hook",
            "timedOut": false,
            "duration": 0,
            "pass": false,
            "fail": false,
            "pending": false,
            "code": "// read the JSON file",
            "err": {},
            "isRoot": false,
            "uuid": "1154e231-5cdd-4df1-b18f-a5b4a1bbf538",
            "isHook": true,
            "skipped": false
          }
        ],
        "afterHooks": [],
        "tests": [
          {
            "title": "Text file with title yourGithubID.json should exist in \"students\" directory",
            "fullTitle": "JSON Checks Text file with title yourGithubID.json should exist in \"students\" directory",
            "timedOut": false,
            "duration": 1,
            "state": "passed",
            "speed": "fast",
            "pass": true,
            "fail": false,
            "pending": false,
            "code": "let p = `students/${githubid}.json`;\nexpect(p).to.be.a.file();",
            "err": {},
            "isRoot": false,
            "uuid": "54c175dd-4e9a-4444-a84c-079b473b7945",
            "isHook": false,
            "skipped": false
          },
          {
            "title": "JSON file should be valid JSON -- please check quotation marks, colons, commas, etc.",
            "fullTitle": "JSON Checks JSON file should be valid JSON -- please check quotation marks, colons, commas, etc.",
            "timedOut": false,
            "duration": 3,
            "state": "passed",
            "speed": "fast",
            "pass": true,
            "fail": false,
            "pending": false,
            "code": "let p = `students/${githubid}.json`;\nexpect(jlint(p), `Do your best to make sense of the error message below. If you have\ncreated a syntax error, the debugger will try to find the mistake, but\noften the error will only be detected several lines after its *actual*\nsource. Be on the lookout especially for mising quotation marks,\ncommas, braces (\"{}\"), etc. Often the *closing* parenthsis, brace, or\nquotation mark will be missing and cause an error.\n\n`).to.not.be.an('error');",
            "err": {},
            "isRoot": false,
            "uuid": "0e8c9bc8-ce68-4844-a577-2baa31c15a60",
            "isHook": false,
            "skipped": false
          },
          {
            "title": "JSON file should contain name, email,github, and picture",
            "fullTitle": "JSON Checks JSON file should contain name, email,github, and picture",
            "timedOut": false,
            "duration": 1,
            "state": "passed",
            "speed": "fast",
            "pass": true,
            "fail": false,
            "pending": false,
            "code": "let j = JSON.parse(fs.readFileSync(`students/${githubid}.json`, 'utf8'));\nexpect(j.lastName, 'your JSON file does not record your last name!').to.be.a('string').that.is.not.empty;\nexpect(j.firstName, 'your JSON file does not record your first name!').to.be.a('string').that.is.not.empty;\nexpect(j.github, 'your gituhubid doesn\\'t seem to be recorded properly').to.equal(githubid);\nexpect(j.picture, 'your JSON file does not record your picture URL or path').to.be.a('string').that.is.not.empty;",
            "err": {},
            "isRoot": false,
            "uuid": "b2bcb1e8-0c79-4269-a817-d65bb29e6fc8",
            "isHook": false,
            "skipped": false
          }
        ],
        "suites": [],
        "passes": [
          "54c175dd-4e9a-4444-a84c-079b473b7945",
          "0e8c9bc8-ce68-4844-a577-2baa31c15a60",
          "b2bcb1e8-0c79-4269-a817-d65bb29e6fc8"
        ],
        "failures": [],
        "pending": [],
        "skipped": [],
        "duration": 5,
        "root": false,
        "rootEmpty": false,
        "_timeout": 0
      },
      {
        "uuid": "34b8467a-0c82-493c-9f9a-c71c677bae07",
        "title": "Image Checks",
        "fullFile": "/Users/joannathecoder/00-class-profile/test/test.js",
        "file": "/test/test.js",
        "beforeHooks": [],
        "afterHooks": [],
        "tests": [
          {
            "title": "Image file with title yourGithubID.jpg should exist in \"images\" directory",
            "fullTitle": "Image Checks Image file with title yourGithubID.jpg should exist in \"images\" directory",
            "timedOut": false,
            "duration": 0,
            "state": "passed",
            "speed": "fast",
            "pass": true,
            "fail": false,
            "pending": false,
            "code": "let p = `images/${githubid}.jpg`;\nexpect(p).to.be.a.file();",
            "err": {},
            "isRoot": false,
            "uuid": "db6154dd-ee40-48bb-a785-dd03bef2a7b7",
            "isHook": false,
            "skipped": false
          }
        ],
        "suites": [],
        "passes": [
          "db6154dd-ee40-48bb-a785-dd03bef2a7b7"
        ],
        "failures": [],
        "pending": [],
        "skipped": [],
        "duration": 0,
        "root": false,
        "rootEmpty": false,
        "_timeout": 0
      },
      {
        "uuid": "8a09a4ce-b67a-4a7d-b72d-1a126d966ea4",
        "title": "Reflection Checks (not required unless you are attempting an \"A\" grade!)",
        "fullFile": "/Users/joannathecoder/00-class-profile/test/test.js",
        "file": "/test/test.js",
        "beforeHooks": [],
        "afterHooks": [],
        "tests": [
          {
            "title": "Reflection file should exist",
            "fullTitle": "Reflection Checks (not required unless you are attempting an \"A\" grade!) Reflection file should exist",
            "timedOut": false,
            "duration": 1,
            "state": "passed",
            "speed": "fast",
            "pass": true,
            "fail": false,
            "pending": false,
            "code": "let r = `Reflection/${githubid}.md`;\nexpect(r, `I can't find the file ${r}`).to.be.a.file();",
            "err": {},
            "isRoot": false,
            "uuid": "336bec20-878e-4637-a641-a085ec4ce7fe",
            "isHook": false,
            "skipped": false
          },
          {
            "title": "The total word count for your reflection should be around 525 (give or take)",
            "fullTitle": "Reflection Checks (not required unless you are attempting an \"A\" grade!) The total word count for your reflection should be around 525 (give or take)",
            "timedOut": false,
            "duration": 6,
            "state": "passed",
            "speed": "fast",
            "pass": true,
            "fail": false,
            "pending": false,
            "code": "let content=fs.readFileSync(`Reflection/${githubid}.md`, 'utf-8');\nexpect(hwc(content), '').to.be.approximately(525,100);",
            "err": {},
            "isRoot": false,
            "uuid": "b6b592ab-6de1-4c7e-afa4-ac5e681c805e",
            "isHook": false,
            "skipped": false
          }
        ],
        "suites": [],
        "passes": [
          "336bec20-878e-4637-a641-a085ec4ce7fe",
          "b6b592ab-6de1-4c7e-afa4-ac5e681c805e"
        ],
        "failures": [],
        "pending": [],
        "skipped": [],
        "duration": 7,
        "root": false,
        "rootEmpty": false,
        "_timeout": 0
      }
    ],
    "passes": [],
    "failures": [],
    "pending": [],
    "skipped": [],
    "duration": 0,
    "root": true,
    "rootEmpty": true,
    "_timeout": 0
  },
  "copyrightYear": 2019
}